Loading scopes…
Searching for existing projects…
Detected services:
• frontend  [Next.js]  →  /             
• backend   [FastAPI]  →  /_/backend/*  
> Added services configuration to vercel.json.
Linked to leos-projects-df4b8412/gomale-os-command-center (created .vercel and added it to .gitignore)
Deploying leos-projects-df4b8412/gomale-os-command-center
Uploading [--------------------] (0.0B/428.2KB)
Uploading [=====---------------] (109.7KB/428.2KB)
Uploading [==========----------] (214.8KB/428.2KB)
Uploading [===============-----] (328.1KB/428.2KB)
Uploading [====================] (428.2KB/428.2KB)
Inspect: https://vercel.com/leos-projects-df4b8412/gomale-os-command-center/CZvoxfm39xd3KsE7gpVBx4mSveDd [3s]
Production: https://gomale-os-command-center-axoq9q6jj-leos-projects-df4b8412.vercel.app [3s]
https://gomale-os-command-center-axoq9q6jj-leos-projects-df4b8412.vercel.appBuilding...
Building...
Building: Running build in Washington, D.C., USA (East) – iad1
Building: Build machine configuration: 2 cores, 8 GB
Building: Retrieving list of deployment files...
Building: Previous build caches not available.
Building: Downloading 49 deployment files...
Building: Running "vercel build"
Building: Vercel CLI 50.37.1
Building: Installing dependencies...
Building: npm warn deprecated inflight@1.0.6: This module is not supported, and leaks memory. Do not use it. Check out lru-cache if you want a good and tested way to coalesce async requests by a key value, which is much more comprehensive and powerful.
Building: npm warn deprecated rimraf@3.0.2: Rimraf versions prior to v4 are no longer supported
Building: npm warn deprecated @humanwhocodes/object-schema@2.0.3: Use @eslint/object-schema instead
Building: npm warn deprecated @humanwhocodes/config-array@0.13.0: Use @eslint/config-array instead
Building: npm warn deprecated glob@7.2.3: Old versions of glob are not supported, and contain widely publicized security vulnerabilities, which have been fixed in the current version. Please update. Support for old versions may be purchased (at exorbitant rates) by contacting i@izs.me
Building: npm warn deprecated glob@10.3.10: Old versions of glob are not supported, and contain widely publicized security vulnerabilities, which have been fixed in the current version. Please update. Support for old versions may be purchased (at exorbitant rates) by contacting i@izs.me
Building: npm warn deprecated eslint@8.57.1: This version is no longer supported. Please see https://eslint.org/version-support for other options.
Building: npm warn deprecated next@14.1.0: This version has a security vulnerability. Please upgrade to a patched version. See https://nextjs.org/blog/security-update-2025-12-11 for more details.
Building: added 468 packages in 29s
Building: 152 packages are looking for funding
Building: run `npm fund` for details
Building: Detected Next.js version: 14.1.0
Building: Running "npm run build"
Building: > gomale-os-frontend@1.0.0 build
Building: > next build
Building: `destination` does not start with `/`, `http://`, or `https://` for route {"source":"/ws/:path*","destination":"ws://localhost:8000/ws/:path*"}
Building: Error: Invalid rewrite found
Building: Error: Command "npm run build" exited with 1
Error: Command "npm run build" exited with 1
