Retrieving project…
Deploying leos-projects-df4b8412/frontend
Inspect: https://vercel.com/leos-projects-df4b8412/frontend/DVdhG242tYkJuewguejjYNB8VLGw [1s]
Production: https://frontend-ar1mlje3p-leos-projects-df4b8412.vercel.app [1s]
https://frontend-ar1mlje3p-leos-projects-df4b8412.vercel.appBuilding...
Building...
Building: Running build in Washington, D.C., USA (East) – iad1
Building: Build machine configuration: 2 cores, 8 GB
Building: Retrieving list of deployment files...
Building: Previous build caches not available.
Building: Downloading 26 deployment files...
Building: Running "vercel build"
Building: Vercel CLI 50.37.1
Building: WARNING! Due to `builds` existing in your configuration file, the Build and Development Settings defined in your Project Settings will not apply. Learn More: https://vercel.link/unused-build-settings
Building: Installing dependencies...
Building: npm warn deprecated next@14.1.0: This version has a security vulnerability. Please upgrade to a patched version. See https://nextjs.org/blog/security-update-2025-12-11 for more details.
Building: added 169 packages in 8s
Building: 29 packages are looking for funding
Building: run `npm fund` for details
Building: Detected Next.js version: 14.1.0
Building: Running "npm run build"
Building: > gomale-os-command-center@2.0.0 build
Building: > next build
2026-03-30T07:58:13.887Z  Running build in Washington, D.C., USA (East) – iad1
2026-03-30T07:58:13.887Z  Build machine configuration: 2 cores, 8 GB
2026-03-30T07:58:14.076Z  Retrieving list of deployment files...
2026-03-30T07:58:14.081Z  Previous build caches not available.
2026-03-30T07:58:14.654Z  Downloading 26 deployment files...
2026-03-30T07:58:15.516Z  Running "vercel build"
2026-03-30T07:58:16.184Z  Vercel CLI 50.37.1
2026-03-30T07:58:16.255Z  WARNING! Due to `builds` existing in your configuration file, the Build and Development Settings defined in your Project Settings will not apply. Learn More: https://vercel.link/unused-build-settings
2026-03-30T07:58:16.378Z  Installing dependencies...
2026-03-30T07:58:24.664Z  npm warn deprecated next@14.1.0: This version has a security vulnerability. Please upgrade to a patched version. See https://nextjs.org/blog/security-update-2025-12-11 for more details.
2026-03-30T07:58:24.735Z  
2026-03-30T07:58:24.735Z  added 169 packages in 8s
2026-03-30T07:58:24.736Z  
2026-03-30T07:58:24.736Z  29 packages are looking for funding
2026-03-30T07:58:24.736Z  run `npm fund` for details
2026-03-30T07:58:24.784Z  Detected Next.js version: 14.1.0
2026-03-30T07:58:24.788Z  Running "npm run build"
2026-03-30T07:58:24.998Z  
2026-03-30T07:58:24.998Z  > gomale-os-command-center@2.0.0 build
2026-03-30T07:58:24.999Z  > next build
2026-03-30T07:58:24.999Z  
2026-03-30T07:58:26.367Z  Attention: Next.js now collects completely anonymous telemetry regarding usage.
2026-03-30T07:58:26.368Z  This information is used to shape Next.js' roadmap and prioritize features.
2026-03-30T07:58:26.368Z  You can learn more, including how to opt-out if you'd not like to participate in this anonymous program, by visiting the following URL:
2026-03-30T07:58:26.368Z  https://nextjs.org/telemetry
2026-03-30T07:58:26.369Z  
2026-03-30T07:58:26.443Z  ▲ Next.js 14.1.0
2026-03-30T07:58:26.443Z  
2026-03-30T07:58:26.455Z  ⨯ Conflicting app and page file was found, please remove the conflicting files to continue:
2026-03-30T07:58:26.456Z  ⨯   "pages/index.tsx" - "app/page.tsx"
2026-03-30T07:58:26.972Z  Error: Command "npm run build" exited with 1
